ARM GAS  C:\Users\Legend\AppData\Local\Temp\cclbQss4.s 			page 1


   1              		.cpu cortex-m7
   2              		.eabi_attribute 28, 1
   3              		.eabi_attribute 20, 1
   4              		.eabi_attribute 21, 1
   5              		.eabi_attribute 23, 3
   6              		.eabi_attribute 24, 1
   7              		.eabi_attribute 25, 1
   8              		.eabi_attribute 26, 1
   9              		.eabi_attribute 30, 1
  10              		.eabi_attribute 34, 1
  11              		.eabi_attribute 18, 4
  12              		.file	"croutine.c"
  13              		.text
  14              	.Ltext0:
  15              		.cfi_sections	.debug_frame
  16              	.Letext0:
  17              		.file 1 "f:\\prosoft\\gcc_arm_none\\2019q4\\9 2019-q4-major\\arm-none-eabi\\include\\machine\\_def
  18              		.file 2 "f:\\prosoft\\gcc_arm_none\\2019q4\\9 2019-q4-major\\arm-none-eabi\\include\\sys\\_stdint.
  19              		.file 3 "Inc/FreeRTOSConfig.h"
ARM GAS  C:\Users\Legend\AppData\Local\Temp\cclbQss4.s 			page 2


DEFINED SYMBOLS
                            *ABS*:00000000 croutine.c

NO UNDEFINED SYMBOLS
