ARM GAS  C:\Users\Legend\AppData\Local\Temp\ccYlbSUl.s 			page 1


   1              		.cpu cortex-m7
   2              		.eabi_attribute 28, 1
   3              		.eabi_attribute 20, 1
   4              		.eabi_attribute 21, 1
   5              		.eabi_attribute 23, 3
   6              		.eabi_attribute 24, 1
   7              		.eabi_attribute 25, 1
   8              		.eabi_attribute 26, 1
   9              		.eabi_attribute 30, 1
  10              		.eabi_attribute 34, 1
  11              		.eabi_attribute 18, 4
  12              		.file	"stm32f7xx_it.c"
  13              		.text
  14              	.Ltext0:
  15              		.cfi_sections	.debug_frame
  16              		.section	.text.NMI_Handler,"ax",%progbits
  17              		.align	1
  18              		.global	NMI_Handler
  19              		.arch armv7e-m
  20              		.syntax unified
  21              		.thumb
  22              		.thumb_func
  23              		.fpu fpv5-d16
  25              	NMI_Handler:
  26              	.LFB145:
  27              		.file 1 "Src/stm32f7xx_it.c"
   1:Src/stm32f7xx_it.c **** /* USER CODE BEGIN Header */
   2:Src/stm32f7xx_it.c **** /**
   3:Src/stm32f7xx_it.c ****   ******************************************************************************
   4:Src/stm32f7xx_it.c ****   * @file    stm32f7xx_it.c
   5:Src/stm32f7xx_it.c ****   * @brief   Interrupt Service Routines.
   6:Src/stm32f7xx_it.c ****   ******************************************************************************
   7:Src/stm32f7xx_it.c ****   * @attention
   8:Src/stm32f7xx_it.c ****   *
   9:Src/stm32f7xx_it.c ****   * <h2><center>&copy; Copyright (c) 2020 STMicroelectronics.
  10:Src/stm32f7xx_it.c ****   * All rights reserved.</center></h2>
  11:Src/stm32f7xx_it.c ****   *
  12:Src/stm32f7xx_it.c ****   * This software component is licensed by ST under BSD 3-Clause license,
  13:Src/stm32f7xx_it.c ****   * the "License"; You may not use this file except in compliance with the
  14:Src/stm32f7xx_it.c ****   * License. You may obtain a copy of the License at:
  15:Src/stm32f7xx_it.c ****   *                        opensource.org/licenses/BSD-3-Clause
  16:Src/stm32f7xx_it.c ****   *
  17:Src/stm32f7xx_it.c ****   ******************************************************************************
  18:Src/stm32f7xx_it.c ****   */
  19:Src/stm32f7xx_it.c **** /* USER CODE END Header */
  20:Src/stm32f7xx_it.c **** 
  21:Src/stm32f7xx_it.c **** /* Includes ------------------------------------------------------------------*/
  22:Src/stm32f7xx_it.c **** #include "main.h"
  23:Src/stm32f7xx_it.c **** #include "stm32f7xx_it.h"
  24:Src/stm32f7xx_it.c **** #include "FreeRTOS.h"
  25:Src/stm32f7xx_it.c **** #include "task.h"
  26:Src/stm32f7xx_it.c **** /* Private includes ----------------------------------------------------------*/
  27:Src/stm32f7xx_it.c **** /* USER CODE BEGIN Includes */
  28:Src/stm32f7xx_it.c **** /* USER CODE END Includes */
  29:Src/stm32f7xx_it.c ****   
  30:Src/stm32f7xx_it.c **** /* Private typedef -----------------------------------------------------------*/
  31:Src/stm32f7xx_it.c **** /* USER CODE BEGIN TD */
ARM GAS  C:\Users\Legend\AppData\Local\Temp\ccYlbSUl.s 			page 2


  32:Src/stm32f7xx_it.c **** 
  33:Src/stm32f7xx_it.c **** /* USER CODE END TD */
  34:Src/stm32f7xx_it.c **** 
  35:Src/stm32f7xx_it.c **** /* Private define ------------------------------------------------------------*/
  36:Src/stm32f7xx_it.c **** /* USER CODE BEGIN PD */
  37:Src/stm32f7xx_it.c ****  
  38:Src/stm32f7xx_it.c **** /* USER CODE END PD */
  39:Src/stm32f7xx_it.c **** 
  40:Src/stm32f7xx_it.c **** /* Private macro -------------------------------------------------------------*/
  41:Src/stm32f7xx_it.c **** /* USER CODE BEGIN PM */
  42:Src/stm32f7xx_it.c **** 
  43:Src/stm32f7xx_it.c **** /* USER CODE END PM */
  44:Src/stm32f7xx_it.c **** 
  45:Src/stm32f7xx_it.c **** /* Private variables ---------------------------------------------------------*/
  46:Src/stm32f7xx_it.c **** /* USER CODE BEGIN PV */
  47:Src/stm32f7xx_it.c **** 
  48:Src/stm32f7xx_it.c **** /* USER CODE END PV */
  49:Src/stm32f7xx_it.c **** 
  50:Src/stm32f7xx_it.c **** /* Private function prototypes -----------------------------------------------*/
  51:Src/stm32f7xx_it.c **** /* USER CODE BEGIN PFP */
  52:Src/stm32f7xx_it.c **** 
  53:Src/stm32f7xx_it.c **** /* USER CODE END PFP */
  54:Src/stm32f7xx_it.c **** 
  55:Src/stm32f7xx_it.c **** /* Private user code ---------------------------------------------------------*/
  56:Src/stm32f7xx_it.c **** /* USER CODE BEGIN 0 */
  57:Src/stm32f7xx_it.c **** 
  58:Src/stm32f7xx_it.c **** /* USER CODE END 0 */
  59:Src/stm32f7xx_it.c **** 
  60:Src/stm32f7xx_it.c **** /* External variables --------------------------------------------------------*/
  61:Src/stm32f7xx_it.c **** extern TIM_HandleTypeDef htim1;
  62:Src/stm32f7xx_it.c **** 
  63:Src/stm32f7xx_it.c **** /* USER CODE BEGIN EV */
  64:Src/stm32f7xx_it.c **** 
  65:Src/stm32f7xx_it.c **** /* USER CODE END EV */
  66:Src/stm32f7xx_it.c **** 
  67:Src/stm32f7xx_it.c **** /******************************************************************************/
  68:Src/stm32f7xx_it.c **** /*           Cortex-M7 Processor Interruption and Exception Handlers          */ 
  69:Src/stm32f7xx_it.c **** /******************************************************************************/
  70:Src/stm32f7xx_it.c **** /**
  71:Src/stm32f7xx_it.c ****   * @brief This function handles Non maskable interrupt.
  72:Src/stm32f7xx_it.c ****   */
  73:Src/stm32f7xx_it.c **** void NMI_Handler(void)
  74:Src/stm32f7xx_it.c **** {
  28              		.loc 1 74 1 view -0
  29              		.cfi_startproc
  30              		@ args = 0, pretend = 0, frame = 0
  31              		@ frame_needed = 0, uses_anonymous_args = 0
  32              		@ link register save eliminated.
  75:Src/stm32f7xx_it.c ****   /* USER CODE BEGIN NonMaskableInt_IRQn 0 */
  76:Src/stm32f7xx_it.c **** 
  77:Src/stm32f7xx_it.c ****   /* USER CODE END NonMaskableInt_IRQn 0 */
  78:Src/stm32f7xx_it.c ****   /* USER CODE BEGIN NonMaskableInt_IRQn 1 */
  79:Src/stm32f7xx_it.c **** 
  80:Src/stm32f7xx_it.c ****   /* USER CODE END NonMaskableInt_IRQn 1 */
  81:Src/stm32f7xx_it.c **** }
  33              		.loc 1 81 1 view .LVU1
  34 0000 7047     		bx	lr
ARM GAS  C:\Users\Legend\AppData\Local\Temp\ccYlbSUl.s 			page 3


  35              		.cfi_endproc
  36              	.LFE145:
  38              		.section	.text.HardFault_Handler,"ax",%progbits
  39              		.align	1
  40              		.global	HardFault_Handler
  41              		.syntax unified
  42              		.thumb
  43              		.thumb_func
  44              		.fpu fpv5-d16
  46              	HardFault_Handler:
  47              	.LFB146:
  82:Src/stm32f7xx_it.c **** 
  83:Src/stm32f7xx_it.c **** /**
  84:Src/stm32f7xx_it.c ****   * @brief This function handles Hard fault interrupt.
  85:Src/stm32f7xx_it.c ****   */
  86:Src/stm32f7xx_it.c **** void HardFault_Handler(void)
  87:Src/stm32f7xx_it.c **** {
  48              		.loc 1 87 1 view -0
  49              		.cfi_startproc
  50              		@ Volatile: function does not return.
  51              		@ args = 0, pretend = 0, frame = 0
  52              		@ frame_needed = 0, uses_anonymous_args = 0
  53              		@ link register save eliminated.
  54              	.L3:
  88:Src/stm32f7xx_it.c ****   /* USER CODE BEGIN HardFault_IRQn 0 */
  89:Src/stm32f7xx_it.c **** 
  90:Src/stm32f7xx_it.c ****   /* USER CODE END HardFault_IRQn 0 */
  91:Src/stm32f7xx_it.c ****   while (1)
  55              		.loc 1 91 3 discriminator 1 view .LVU3
  92:Src/stm32f7xx_it.c ****   {
  93:Src/stm32f7xx_it.c ****     /* USER CODE BEGIN W1_HardFault_IRQn 0 */
  94:Src/stm32f7xx_it.c ****     /* USER CODE END W1_HardFault_IRQn 0 */
  95:Src/stm32f7xx_it.c ****   }
  56              		.loc 1 95 3 discriminator 1 view .LVU4
  91:Src/stm32f7xx_it.c ****   {
  57              		.loc 1 91 9 discriminator 1 view .LVU5
  58 0000 FEE7     		b	.L3
  59              		.cfi_endproc
  60              	.LFE146:
  62              		.section	.text.MemManage_Handler,"ax",%progbits
  63              		.align	1
  64              		.global	MemManage_Handler
  65              		.syntax unified
  66              		.thumb
  67              		.thumb_func
  68              		.fpu fpv5-d16
  70              	MemManage_Handler:
  71              	.LFB147:
  96:Src/stm32f7xx_it.c **** }
  97:Src/stm32f7xx_it.c **** 
  98:Src/stm32f7xx_it.c **** /**
  99:Src/stm32f7xx_it.c ****   * @brief This function handles Memory management fault.
 100:Src/stm32f7xx_it.c ****   */
 101:Src/stm32f7xx_it.c **** void MemManage_Handler(void)
 102:Src/stm32f7xx_it.c **** {
  72              		.loc 1 102 1 view -0
  73              		.cfi_startproc
ARM GAS  C:\Users\Legend\AppData\Local\Temp\ccYlbSUl.s 			page 4


  74              		@ Volatile: function does not return.
  75              		@ args = 0, pretend = 0, frame = 0
  76              		@ frame_needed = 0, uses_anonymous_args = 0
  77              		@ link register save eliminated.
  78              	.L5:
 103:Src/stm32f7xx_it.c ****   /* USER CODE BEGIN MemoryManagement_IRQn 0 */
 104:Src/stm32f7xx_it.c **** 
 105:Src/stm32f7xx_it.c ****   /* USER CODE END MemoryManagement_IRQn 0 */
 106:Src/stm32f7xx_it.c ****   while (1)
  79              		.loc 1 106 3 discriminator 1 view .LVU7
 107:Src/stm32f7xx_it.c ****   {
 108:Src/stm32f7xx_it.c ****     /* USER CODE BEGIN W1_MemoryManagement_IRQn 0 */
 109:Src/stm32f7xx_it.c ****     /* USER CODE END W1_MemoryManagement_IRQn 0 */
 110:Src/stm32f7xx_it.c ****   }
  80              		.loc 1 110 3 discriminator 1 view .LVU8
 106:Src/stm32f7xx_it.c ****   {
  81              		.loc 1 106 9 discriminator 1 view .LVU9
  82 0000 FEE7     		b	.L5
  83              		.cfi_endproc
  84              	.LFE147:
  86              		.section	.text.BusFault_Handler,"ax",%progbits
  87              		.align	1
  88              		.global	BusFault_Handler
  89              		.syntax unified
  90              		.thumb
  91              		.thumb_func
  92              		.fpu fpv5-d16
  94              	BusFault_Handler:
  95              	.LFB148:
 111:Src/stm32f7xx_it.c **** }
 112:Src/stm32f7xx_it.c **** 
 113:Src/stm32f7xx_it.c **** /**
 114:Src/stm32f7xx_it.c ****   * @brief This function handles Pre-fetch fault, memory access fault.
 115:Src/stm32f7xx_it.c ****   */
 116:Src/stm32f7xx_it.c **** void BusFault_Handler(void)
 117:Src/stm32f7xx_it.c **** {
  96              		.loc 1 117 1 view -0
  97              		.cfi_startproc
  98              		@ Volatile: function does not return.
  99              		@ args = 0, pretend = 0, frame = 0
 100              		@ frame_needed = 0, uses_anonymous_args = 0
 101              		@ link register save eliminated.
 102              	.L7:
 118:Src/stm32f7xx_it.c ****   /* USER CODE BEGIN BusFault_IRQn 0 */
 119:Src/stm32f7xx_it.c **** 
 120:Src/stm32f7xx_it.c ****   /* USER CODE END BusFault_IRQn 0 */
 121:Src/stm32f7xx_it.c ****   while (1)
 103              		.loc 1 121 3 discriminator 1 view .LVU11
 122:Src/stm32f7xx_it.c ****   {
 123:Src/stm32f7xx_it.c ****     /* USER CODE BEGIN W1_BusFault_IRQn 0 */
 124:Src/stm32f7xx_it.c ****     /* USER CODE END W1_BusFault_IRQn 0 */
 125:Src/stm32f7xx_it.c ****   }
 104              		.loc 1 125 3 discriminator 1 view .LVU12
 121:Src/stm32f7xx_it.c ****   {
 105              		.loc 1 121 9 discriminator 1 view .LVU13
 106 0000 FEE7     		b	.L7
 107              		.cfi_endproc
ARM GAS  C:\Users\Legend\AppData\Local\Temp\ccYlbSUl.s 			page 5


 108              	.LFE148:
 110              		.section	.text.UsageFault_Handler,"ax",%progbits
 111              		.align	1
 112              		.global	UsageFault_Handler
 113              		.syntax unified
 114              		.thumb
 115              		.thumb_func
 116              		.fpu fpv5-d16
 118              	UsageFault_Handler:
 119              	.LFB149:
 126:Src/stm32f7xx_it.c **** }
 127:Src/stm32f7xx_it.c **** 
 128:Src/stm32f7xx_it.c **** /**
 129:Src/stm32f7xx_it.c ****   * @brief This function handles Undefined instruction or illegal state.
 130:Src/stm32f7xx_it.c ****   */
 131:Src/stm32f7xx_it.c **** void UsageFault_Handler(void)
 132:Src/stm32f7xx_it.c **** {
 120              		.loc 1 132 1 view -0
 121              		.cfi_startproc
 122              		@ Volatile: function does not return.
 123              		@ args = 0, pretend = 0, frame = 0
 124              		@ frame_needed = 0, uses_anonymous_args = 0
 125              		@ link register save eliminated.
 126              	.L9:
 133:Src/stm32f7xx_it.c ****   /* USER CODE BEGIN UsageFault_IRQn 0 */
 134:Src/stm32f7xx_it.c **** 
 135:Src/stm32f7xx_it.c ****   /* USER CODE END UsageFault_IRQn 0 */
 136:Src/stm32f7xx_it.c ****   while (1)
 127              		.loc 1 136 3 discriminator 1 view .LVU15
 137:Src/stm32f7xx_it.c ****   {
 138:Src/stm32f7xx_it.c ****     /* USER CODE BEGIN W1_UsageFault_IRQn 0 */
 139:Src/stm32f7xx_it.c ****     /* USER CODE END W1_UsageFault_IRQn 0 */
 140:Src/stm32f7xx_it.c ****   }
 128              		.loc 1 140 3 discriminator 1 view .LVU16
 136:Src/stm32f7xx_it.c ****   {
 129              		.loc 1 136 9 discriminator 1 view .LVU17
 130 0000 FEE7     		b	.L9
 131              		.cfi_endproc
 132              	.LFE149:
 134              		.section	.text.DebugMon_Handler,"ax",%progbits
 135              		.align	1
 136              		.global	DebugMon_Handler
 137              		.syntax unified
 138              		.thumb
 139              		.thumb_func
 140              		.fpu fpv5-d16
 142              	DebugMon_Handler:
 143              	.LFB150:
 141:Src/stm32f7xx_it.c **** }
 142:Src/stm32f7xx_it.c **** 
 143:Src/stm32f7xx_it.c **** /**
 144:Src/stm32f7xx_it.c ****   * @brief This function handles Debug monitor.
 145:Src/stm32f7xx_it.c ****   */
 146:Src/stm32f7xx_it.c **** void DebugMon_Handler(void)
 147:Src/stm32f7xx_it.c **** {
 144              		.loc 1 147 1 view -0
 145              		.cfi_startproc
ARM GAS  C:\Users\Legend\AppData\Local\Temp\ccYlbSUl.s 			page 6


 146              		@ args = 0, pretend = 0, frame = 0
 147              		@ frame_needed = 0, uses_anonymous_args = 0
 148              		@ link register save eliminated.
 148:Src/stm32f7xx_it.c ****   /* USER CODE BEGIN DebugMonitor_IRQn 0 */
 149:Src/stm32f7xx_it.c **** 
 150:Src/stm32f7xx_it.c ****   /* USER CODE END DebugMonitor_IRQn 0 */
 151:Src/stm32f7xx_it.c ****   /* USER CODE BEGIN DebugMonitor_IRQn 1 */
 152:Src/stm32f7xx_it.c **** 
 153:Src/stm32f7xx_it.c ****   /* USER CODE END DebugMonitor_IRQn 1 */
 154:Src/stm32f7xx_it.c **** }
 149              		.loc 1 154 1 view .LVU19
 150 0000 7047     		bx	lr
 151              		.cfi_endproc
 152              	.LFE150:
 154              		.section	.text.TIM1_UP_TIM10_IRQHandler,"ax",%progbits
 155              		.align	1
 156              		.global	TIM1_UP_TIM10_IRQHandler
 157              		.syntax unified
 158              		.thumb
 159              		.thumb_func
 160              		.fpu fpv5-d16
 162              	TIM1_UP_TIM10_IRQHandler:
 163              	.LFB151:
 155:Src/stm32f7xx_it.c **** 
 156:Src/stm32f7xx_it.c **** /******************************************************************************/
 157:Src/stm32f7xx_it.c **** /* STM32F7xx Peripheral Interrupt Handlers                                    */
 158:Src/stm32f7xx_it.c **** /* Add here the Interrupt Handlers for the used peripherals.                  */
 159:Src/stm32f7xx_it.c **** /* For the available peripheral interrupt handler names,                      */
 160:Src/stm32f7xx_it.c **** /* please refer to the startup file (startup_stm32f7xx.s).                    */
 161:Src/stm32f7xx_it.c **** /******************************************************************************/
 162:Src/stm32f7xx_it.c **** 
 163:Src/stm32f7xx_it.c **** /**
 164:Src/stm32f7xx_it.c ****   * @brief This function handles TIM1 update interrupt and TIM10 global interrupt.
 165:Src/stm32f7xx_it.c ****   */
 166:Src/stm32f7xx_it.c **** void TIM1_UP_TIM10_IRQHandler(void)
 167:Src/stm32f7xx_it.c **** {
 164              		.loc 1 167 1 view -0
 165              		.cfi_startproc
 166              		@ args = 0, pretend = 0, frame = 0
 167              		@ frame_needed = 0, uses_anonymous_args = 0
 168 0000 08B5     		push	{r3, lr}
 169              	.LCFI0:
 170              		.cfi_def_cfa_offset 8
 171              		.cfi_offset 3, -8
 172              		.cfi_offset 14, -4
 168:Src/stm32f7xx_it.c ****   /* USER CODE BEGIN TIM1_UP_TIM10_IRQn 0 */
 169:Src/stm32f7xx_it.c **** 
 170:Src/stm32f7xx_it.c ****   /* USER CODE END TIM1_UP_TIM10_IRQn 0 */
 171:Src/stm32f7xx_it.c ****   HAL_TIM_IRQHandler(&htim1);
 173              		.loc 1 171 3 view .LVU21
 174 0002 0248     		ldr	r0, .L13
 175 0004 FFF7FEFF 		bl	HAL_TIM_IRQHandler
 176              	.LVL0:
 172:Src/stm32f7xx_it.c ****   /* USER CODE BEGIN TIM1_UP_TIM10_IRQn 1 */
 173:Src/stm32f7xx_it.c **** 
 174:Src/stm32f7xx_it.c ****   /* USER CODE END TIM1_UP_TIM10_IRQn 1 */
 175:Src/stm32f7xx_it.c **** }
ARM GAS  C:\Users\Legend\AppData\Local\Temp\ccYlbSUl.s 			page 7


 177              		.loc 1 175 1 is_stmt 0 view .LVU22
 178 0008 08BD     		pop	{r3, pc}
 179              	.L14:
 180 000a 00BF     		.align	2
 181              	.L13:
 182 000c 00000000 		.word	htim1
 183              		.cfi_endproc
 184              	.LFE151:
 186              		.text
 187              	.Letext0:
 188              		.file 2 "f:\\prosoft\\gcc_arm_none\\2019q4\\9 2019-q4-major\\arm-none-eabi\\include\\machine\\_def
 189              		.file 3 "f:\\prosoft\\gcc_arm_none\\2019q4\\9 2019-q4-major\\arm-none-eabi\\include\\sys\\_stdint.
 190              		.file 4 "Drivers/CMSIS/Include/core_cm7.h"
 191              		.file 5 "Drivers/CMSIS/Device/ST/STM32F7xx/Include/system_stm32f7xx.h"
 192              		.file 6 "Drivers/CMSIS/Device/ST/STM32F7xx/Include/stm32f767xx.h"
 193              		.file 7 "Drivers/STM32F7xx_HAL_Driver/Inc/stm32f7xx_hal_def.h"
 194              		.file 8 "Drivers/STM32F7xx_HAL_Driver/Inc/stm32f7xx_hal_dma.h"
 195              		.file 9 "Drivers/STM32F7xx_HAL_Driver/Inc/stm32f7xx_hal_tim.h"
 196              		.file 10 "Drivers/STM32F7xx_HAL_Driver/Inc/stm32f7xx_hal.h"
ARM GAS  C:\Users\Legend\AppData\Local\Temp\ccYlbSUl.s 			page 8


DEFINED SYMBOLS
                            *ABS*:00000000 stm32f7xx_it.c
C:\Users\Legend\AppData\Local\Temp\ccYlbSUl.s:17     .text.NMI_Handler:00000000 $t
C:\Users\Legend\AppData\Local\Temp\ccYlbSUl.s:25     .text.NMI_Handler:00000000 NMI_Handler
C:\Users\Legend\AppData\Local\Temp\ccYlbSUl.s:39     .text.HardFault_Handler:00000000 $t
C:\Users\Legend\AppData\Local\Temp\ccYlbSUl.s:46     .text.HardFault_Handler:00000000 HardFault_Handler
C:\Users\Legend\AppData\Local\Temp\ccYlbSUl.s:63     .text.MemManage_Handler:00000000 $t
C:\Users\Legend\AppData\Local\Temp\ccYlbSUl.s:70     .text.MemManage_Handler:00000000 MemManage_Handler
C:\Users\Legend\AppData\Local\Temp\ccYlbSUl.s:87     .text.BusFault_Handler:00000000 $t
C:\Users\Legend\AppData\Local\Temp\ccYlbSUl.s:94     .text.BusFault_Handler:00000000 BusFault_Handler
C:\Users\Legend\AppData\Local\Temp\ccYlbSUl.s:111    .text.UsageFault_Handler:00000000 $t
C:\Users\Legend\AppData\Local\Temp\ccYlbSUl.s:118    .text.UsageFault_Handler:00000000 UsageFault_Handler
C:\Users\Legend\AppData\Local\Temp\ccYlbSUl.s:135    .text.DebugMon_Handler:00000000 $t
C:\Users\Legend\AppData\Local\Temp\ccYlbSUl.s:142    .text.DebugMon_Handler:00000000 DebugMon_Handler
C:\Users\Legend\AppData\Local\Temp\ccYlbSUl.s:155    .text.TIM1_UP_TIM10_IRQHandler:00000000 $t
C:\Users\Legend\AppData\Local\Temp\ccYlbSUl.s:162    .text.TIM1_UP_TIM10_IRQHandler:00000000 TIM1_UP_TIM10_IRQHandler
C:\Users\Legend\AppData\Local\Temp\ccYlbSUl.s:182    .text.TIM1_UP_TIM10_IRQHandler:0000000c $d

UNDEFINED SYMBOLS
HAL_TIM_IRQHandler
htim1
