ARM GAS  C:\Users\Legend\AppData\Local\Temp\ccIfnNI1.s 			page 1


   1              		.cpu cortex-m7
   2              		.eabi_attribute 28, 1
   3              		.eabi_attribute 20, 1
   4              		.eabi_attribute 21, 1
   5              		.eabi_attribute 23, 3
   6              		.eabi_attribute 24, 1
   7              		.eabi_attribute 25, 1
   8              		.eabi_attribute 26, 1
   9              		.eabi_attribute 30, 1
  10              		.eabi_attribute 34, 1
  11              		.eabi_attribute 18, 4
  12              		.file	"stm32f7xx_hal_timebase_tim.c"
  13              		.text
  14              	.Ltext0:
  15              		.cfi_sections	.debug_frame
  16              		.section	.text.HAL_InitTick,"ax",%progbits
  17              		.align	1
  18              		.global	HAL_InitTick
  19              		.arch armv7e-m
  20              		.syntax unified
  21              		.thumb
  22              		.thumb_func
  23              		.fpu fpv5-d16
  25              	HAL_InitTick:
  26              	.LVL0:
  27              	.LFB141:
  28              		.file 1 "Src/stm32f7xx_hal_timebase_tim.c"
   1:Src/stm32f7xx_hal_timebase_tim.c **** /* USER CODE BEGIN Header */
   2:Src/stm32f7xx_hal_timebase_tim.c **** /**
   3:Src/stm32f7xx_hal_timebase_tim.c ****   ******************************************************************************
   4:Src/stm32f7xx_hal_timebase_tim.c ****   * @file    stm32f7xx_hal_timebase_TIM.c 
   5:Src/stm32f7xx_hal_timebase_tim.c ****   * @brief   HAL time base based on the hardware TIM.
   6:Src/stm32f7xx_hal_timebase_tim.c ****   ******************************************************************************
   7:Src/stm32f7xx_hal_timebase_tim.c ****   * @attention
   8:Src/stm32f7xx_hal_timebase_tim.c ****   *
   9:Src/stm32f7xx_hal_timebase_tim.c ****   * <h2><center>&copy; Copyright (c) 2020 STMicroelectronics.
  10:Src/stm32f7xx_hal_timebase_tim.c ****   * All rights reserved.</center></h2>
  11:Src/stm32f7xx_hal_timebase_tim.c ****   *
  12:Src/stm32f7xx_hal_timebase_tim.c ****   * This software component is licensed by ST under BSD 3-Clause license,
  13:Src/stm32f7xx_hal_timebase_tim.c ****   * the "License"; You may not use this file except in compliance with the
  14:Src/stm32f7xx_hal_timebase_tim.c ****   * License. You may obtain a copy of the License at:
  15:Src/stm32f7xx_hal_timebase_tim.c ****   *                        opensource.org/licenses/BSD-3-Clause
  16:Src/stm32f7xx_hal_timebase_tim.c ****   *
  17:Src/stm32f7xx_hal_timebase_tim.c ****   ******************************************************************************
  18:Src/stm32f7xx_hal_timebase_tim.c ****   */
  19:Src/stm32f7xx_hal_timebase_tim.c **** /* USER CODE END Header */
  20:Src/stm32f7xx_hal_timebase_tim.c **** 
  21:Src/stm32f7xx_hal_timebase_tim.c **** /* Includes ------------------------------------------------------------------*/
  22:Src/stm32f7xx_hal_timebase_tim.c **** #include "stm32f7xx_hal.h"
  23:Src/stm32f7xx_hal_timebase_tim.c **** #include "stm32f7xx_hal_tim.h"
  24:Src/stm32f7xx_hal_timebase_tim.c ****  
  25:Src/stm32f7xx_hal_timebase_tim.c **** /* Private typedef -----------------------------------------------------------*/
  26:Src/stm32f7xx_hal_timebase_tim.c **** /* Private define ------------------------------------------------------------*/
  27:Src/stm32f7xx_hal_timebase_tim.c **** /* Private macro -------------------------------------------------------------*/
  28:Src/stm32f7xx_hal_timebase_tim.c **** /* Private variables ---------------------------------------------------------*/
  29:Src/stm32f7xx_hal_timebase_tim.c **** TIM_HandleTypeDef        htim1; 
  30:Src/stm32f7xx_hal_timebase_tim.c **** /* Private function prototypes -----------------------------------------------*/
ARM GAS  C:\Users\Legend\AppData\Local\Temp\ccIfnNI1.s 			page 2


  31:Src/stm32f7xx_hal_timebase_tim.c **** /* Private functions ---------------------------------------------------------*/
  32:Src/stm32f7xx_hal_timebase_tim.c **** 
  33:Src/stm32f7xx_hal_timebase_tim.c **** /**
  34:Src/stm32f7xx_hal_timebase_tim.c ****   * @brief  This function configures the TIM1 as a time base source. 
  35:Src/stm32f7xx_hal_timebase_tim.c ****   *         The time source is configured  to have 1ms time base with a dedicated 
  36:Src/stm32f7xx_hal_timebase_tim.c ****   *         Tick interrupt priority. 
  37:Src/stm32f7xx_hal_timebase_tim.c ****   * @note   This function is called  automatically at the beginning of program after
  38:Src/stm32f7xx_hal_timebase_tim.c ****   *         reset by HAL_Init() or at any time when clock is configured, by HAL_RCC_ClockConfig(). 
  39:Src/stm32f7xx_hal_timebase_tim.c ****   * @param  TickPriority: Tick interrupt priority.
  40:Src/stm32f7xx_hal_timebase_tim.c ****   * @retval HAL status
  41:Src/stm32f7xx_hal_timebase_tim.c ****   */
  42:Src/stm32f7xx_hal_timebase_tim.c **** HAL_StatusTypeDef HAL_InitTick(uint32_t TickPriority)
  43:Src/stm32f7xx_hal_timebase_tim.c **** {
  29              		.loc 1 43 1 view -0
  30              		.cfi_startproc
  31              		@ args = 0, pretend = 0, frame = 32
  32              		@ frame_needed = 0, uses_anonymous_args = 0
  33              		.loc 1 43 1 is_stmt 0 view .LVU1
  34 0000 00B5     		push	{lr}
  35              	.LCFI0:
  36              		.cfi_def_cfa_offset 4
  37              		.cfi_offset 14, -4
  38 0002 89B0     		sub	sp, sp, #36
  39              	.LCFI1:
  40              		.cfi_def_cfa_offset 40
  41 0004 0146     		mov	r1, r0
  44:Src/stm32f7xx_hal_timebase_tim.c ****   RCC_ClkInitTypeDef    clkconfig;
  42              		.loc 1 44 3 is_stmt 1 view .LVU2
  45:Src/stm32f7xx_hal_timebase_tim.c ****   uint32_t              uwTimclock = 0;
  43              		.loc 1 45 3 view .LVU3
  44              	.LVL1:
  46:Src/stm32f7xx_hal_timebase_tim.c ****   uint32_t              uwPrescalerValue = 0;
  45              		.loc 1 46 3 view .LVU4
  47:Src/stm32f7xx_hal_timebase_tim.c ****   uint32_t              pFLatency;
  46              		.loc 1 47 3 view .LVU5
  48:Src/stm32f7xx_hal_timebase_tim.c ****   
  49:Src/stm32f7xx_hal_timebase_tim.c ****   /*Configure the TIM1 IRQ priority */
  50:Src/stm32f7xx_hal_timebase_tim.c ****   HAL_NVIC_SetPriority(TIM1_UP_TIM10_IRQn, TickPriority ,0); 
  47              		.loc 1 50 3 view .LVU6
  48 0006 0022     		movs	r2, #0
  49 0008 1920     		movs	r0, #25
  50              	.LVL2:
  51              		.loc 1 50 3 is_stmt 0 view .LVU7
  52 000a FFF7FEFF 		bl	HAL_NVIC_SetPriority
  53              	.LVL3:
  51:Src/stm32f7xx_hal_timebase_tim.c ****   
  52:Src/stm32f7xx_hal_timebase_tim.c ****   /* Enable the TIM1 global Interrupt */
  53:Src/stm32f7xx_hal_timebase_tim.c ****   HAL_NVIC_EnableIRQ(TIM1_UP_TIM10_IRQn); 
  54              		.loc 1 53 3 is_stmt 1 view .LVU8
  55 000e 1920     		movs	r0, #25
  56 0010 FFF7FEFF 		bl	HAL_NVIC_EnableIRQ
  57              	.LVL4:
  54:Src/stm32f7xx_hal_timebase_tim.c ****   
  55:Src/stm32f7xx_hal_timebase_tim.c ****   /* Enable TIM1 clock */
  56:Src/stm32f7xx_hal_timebase_tim.c ****   __HAL_RCC_TIM1_CLK_ENABLE();
  58              		.loc 1 56 3 view .LVU9
  59              	.LBB2:
ARM GAS  C:\Users\Legend\AppData\Local\Temp\ccIfnNI1.s 			page 3


  60              		.loc 1 56 3 view .LVU10
  61              		.loc 1 56 3 view .LVU11
  62 0014 154B     		ldr	r3, .L6
  63 0016 5A6C     		ldr	r2, [r3, #68]
  64 0018 42F00102 		orr	r2, r2, #1
  65 001c 5A64     		str	r2, [r3, #68]
  66              		.loc 1 56 3 view .LVU12
  67 001e 5B6C     		ldr	r3, [r3, #68]
  68 0020 03F00103 		and	r3, r3, #1
  69 0024 0193     		str	r3, [sp, #4]
  70              		.loc 1 56 3 view .LVU13
  71 0026 019B     		ldr	r3, [sp, #4]
  72              	.LBE2:
  73              		.loc 1 56 3 view .LVU14
  57:Src/stm32f7xx_hal_timebase_tim.c ****   
  58:Src/stm32f7xx_hal_timebase_tim.c ****   /* Get clock configuration */
  59:Src/stm32f7xx_hal_timebase_tim.c ****   HAL_RCC_GetClockConfig(&clkconfig, &pFLatency);
  74              		.loc 1 59 3 view .LVU15
  75 0028 02A9     		add	r1, sp, #8
  76 002a 03A8     		add	r0, sp, #12
  77 002c FFF7FEFF 		bl	HAL_RCC_GetClockConfig
  78              	.LVL5:
  60:Src/stm32f7xx_hal_timebase_tim.c ****   
  61:Src/stm32f7xx_hal_timebase_tim.c ****   /* Compute TIM1 clock */
  62:Src/stm32f7xx_hal_timebase_tim.c ****   uwTimclock = 2*HAL_RCC_GetPCLK2Freq();
  79              		.loc 1 62 3 view .LVU16
  80              		.loc 1 62 18 is_stmt 0 view .LVU17
  81 0030 FFF7FEFF 		bl	HAL_RCC_GetPCLK2Freq
  82              	.LVL6:
  83              		.loc 1 62 14 view .LVU18
  84 0034 4300     		lsls	r3, r0, #1
  85              	.LVL7:
  63:Src/stm32f7xx_hal_timebase_tim.c ****    
  64:Src/stm32f7xx_hal_timebase_tim.c ****   /* Compute the prescaler value to have TIM1 counter clock equal to 1MHz */
  65:Src/stm32f7xx_hal_timebase_tim.c ****   uwPrescalerValue = (uint32_t) ((uwTimclock / 1000000) - 1);
  86              		.loc 1 65 3 is_stmt 1 view .LVU19
  87              		.loc 1 65 46 is_stmt 0 view .LVU20
  88 0036 0E48     		ldr	r0, .L6+4
  89 0038 A0FB0323 		umull	r2, r3, r0, r3
  90              	.LVL8:
  91              		.loc 1 65 46 view .LVU21
  92 003c 9B0C     		lsrs	r3, r3, #18
  93              		.loc 1 65 20 view .LVU22
  94 003e 013B     		subs	r3, r3, #1
  95              	.LVL9:
  66:Src/stm32f7xx_hal_timebase_tim.c ****   
  67:Src/stm32f7xx_hal_timebase_tim.c ****   /* Initialize TIM1 */
  68:Src/stm32f7xx_hal_timebase_tim.c ****   htim1.Instance = TIM1;
  96              		.loc 1 68 3 is_stmt 1 view .LVU23
  97              		.loc 1 68 18 is_stmt 0 view .LVU24
  98 0040 0C48     		ldr	r0, .L6+8
  99 0042 0D4A     		ldr	r2, .L6+12
 100 0044 0260     		str	r2, [r0]
  69:Src/stm32f7xx_hal_timebase_tim.c ****   
  70:Src/stm32f7xx_hal_timebase_tim.c ****   /* Initialize TIMx peripheral as follow:
  71:Src/stm32f7xx_hal_timebase_tim.c ****   + Period = [(TIM1CLK/1000) - 1]. to have a (1/1000) s time base.
  72:Src/stm32f7xx_hal_timebase_tim.c ****   + Prescaler = (uwTimclock/1000000 - 1) to have a 1MHz counter clock.
ARM GAS  C:\Users\Legend\AppData\Local\Temp\ccIfnNI1.s 			page 4


  73:Src/stm32f7xx_hal_timebase_tim.c ****   + ClockDivision = 0
  74:Src/stm32f7xx_hal_timebase_tim.c ****   + Counter direction = Up
  75:Src/stm32f7xx_hal_timebase_tim.c ****   */
  76:Src/stm32f7xx_hal_timebase_tim.c ****   htim1.Init.Period = (1000000 / 1000) - 1;
 101              		.loc 1 76 3 is_stmt 1 view .LVU25
 102              		.loc 1 76 21 is_stmt 0 view .LVU26
 103 0046 40F2E732 		movw	r2, #999
 104 004a C260     		str	r2, [r0, #12]
  77:Src/stm32f7xx_hal_timebase_tim.c ****   htim1.Init.Prescaler = uwPrescalerValue;
 105              		.loc 1 77 3 is_stmt 1 view .LVU27
 106              		.loc 1 77 24 is_stmt 0 view .LVU28
 107 004c 4360     		str	r3, [r0, #4]
  78:Src/stm32f7xx_hal_timebase_tim.c ****   htim1.Init.ClockDivision = 0;
 108              		.loc 1 78 3 is_stmt 1 view .LVU29
 109              		.loc 1 78 28 is_stmt 0 view .LVU30
 110 004e 0023     		movs	r3, #0
 111              	.LVL10:
 112              		.loc 1 78 28 view .LVU31
 113 0050 0361     		str	r3, [r0, #16]
  79:Src/stm32f7xx_hal_timebase_tim.c ****   htim1.Init.CounterMode = TIM_COUNTERMODE_UP;
 114              		.loc 1 79 3 is_stmt 1 view .LVU32
 115              		.loc 1 79 26 is_stmt 0 view .LVU33
 116 0052 8360     		str	r3, [r0, #8]
  80:Src/stm32f7xx_hal_timebase_tim.c ****   if(HAL_TIM_Base_Init(&htim1) == HAL_OK)
 117              		.loc 1 80 3 is_stmt 1 view .LVU34
 118              		.loc 1 80 6 is_stmt 0 view .LVU35
 119 0054 FFF7FEFF 		bl	HAL_TIM_Base_Init
 120              	.LVL11:
 121              		.loc 1 80 5 view .LVU36
 122 0058 18B1     		cbz	r0, .L5
  81:Src/stm32f7xx_hal_timebase_tim.c ****   {
  82:Src/stm32f7xx_hal_timebase_tim.c ****     /* Start the TIM time Base generation in interrupt mode */
  83:Src/stm32f7xx_hal_timebase_tim.c ****     return HAL_TIM_Base_Start_IT(&htim1);
  84:Src/stm32f7xx_hal_timebase_tim.c ****   }
  85:Src/stm32f7xx_hal_timebase_tim.c ****   
  86:Src/stm32f7xx_hal_timebase_tim.c ****   /* Return function status */
  87:Src/stm32f7xx_hal_timebase_tim.c ****   return HAL_ERROR;
 123              		.loc 1 87 10 view .LVU37
 124 005a 0120     		movs	r0, #1
 125              	.L2:
  88:Src/stm32f7xx_hal_timebase_tim.c **** }
 126              		.loc 1 88 1 view .LVU38
 127 005c 09B0     		add	sp, sp, #36
 128              	.LCFI2:
 129              		.cfi_remember_state
 130              		.cfi_def_cfa_offset 4
 131              		@ sp needed
 132 005e 5DF804FB 		ldr	pc, [sp], #4
 133              	.L5:
 134              	.LCFI3:
 135              		.cfi_restore_state
  83:Src/stm32f7xx_hal_timebase_tim.c ****   }
 136              		.loc 1 83 5 is_stmt 1 view .LVU39
  83:Src/stm32f7xx_hal_timebase_tim.c ****   }
 137              		.loc 1 83 12 is_stmt 0 view .LVU40
 138 0062 0448     		ldr	r0, .L6+8
 139 0064 FFF7FEFF 		bl	HAL_TIM_Base_Start_IT
ARM GAS  C:\Users\Legend\AppData\Local\Temp\ccIfnNI1.s 			page 5


 140              	.LVL12:
 141 0068 F8E7     		b	.L2
 142              	.L7:
 143 006a 00BF     		.align	2
 144              	.L6:
 145 006c 00380240 		.word	1073887232
 146 0070 83DE1B43 		.word	1125899907
 147 0074 00000000 		.word	htim1
 148 0078 00000140 		.word	1073807360
 149              		.cfi_endproc
 150              	.LFE141:
 152              		.section	.text.HAL_SuspendTick,"ax",%progbits
 153              		.align	1
 154              		.global	HAL_SuspendTick
 155              		.syntax unified
 156              		.thumb
 157              		.thumb_func
 158              		.fpu fpv5-d16
 160              	HAL_SuspendTick:
 161              	.LFB142:
  89:Src/stm32f7xx_hal_timebase_tim.c **** 
  90:Src/stm32f7xx_hal_timebase_tim.c **** /**
  91:Src/stm32f7xx_hal_timebase_tim.c ****   * @brief  Suspend Tick increment.
  92:Src/stm32f7xx_hal_timebase_tim.c ****   * @note   Disable the tick increment by disabling TIM1 update interrupt.
  93:Src/stm32f7xx_hal_timebase_tim.c ****   * @param  None
  94:Src/stm32f7xx_hal_timebase_tim.c ****   * @retval None
  95:Src/stm32f7xx_hal_timebase_tim.c ****   */
  96:Src/stm32f7xx_hal_timebase_tim.c **** void HAL_SuspendTick(void)
  97:Src/stm32f7xx_hal_timebase_tim.c **** {
 162              		.loc 1 97 1 is_stmt 1 view -0
 163              		.cfi_startproc
 164              		@ args = 0, pretend = 0, frame = 0
 165              		@ frame_needed = 0, uses_anonymous_args = 0
 166              		@ link register save eliminated.
  98:Src/stm32f7xx_hal_timebase_tim.c ****   /* Disable TIM1 update Interrupt */
  99:Src/stm32f7xx_hal_timebase_tim.c ****   __HAL_TIM_DISABLE_IT(&htim1, TIM_IT_UPDATE);                                                  
 167              		.loc 1 99 3 view .LVU42
 168 0000 034B     		ldr	r3, .L9
 169 0002 1A68     		ldr	r2, [r3]
 170 0004 D368     		ldr	r3, [r2, #12]
 171 0006 23F00103 		bic	r3, r3, #1
 172 000a D360     		str	r3, [r2, #12]
 100:Src/stm32f7xx_hal_timebase_tim.c **** }
 173              		.loc 1 100 1 is_stmt 0 view .LVU43
 174 000c 7047     		bx	lr
 175              	.L10:
 176 000e 00BF     		.align	2
 177              	.L9:
 178 0010 00000000 		.word	htim1
 179              		.cfi_endproc
 180              	.LFE142:
 182              		.section	.text.HAL_ResumeTick,"ax",%progbits
 183              		.align	1
 184              		.global	HAL_ResumeTick
 185              		.syntax unified
 186              		.thumb
 187              		.thumb_func
ARM GAS  C:\Users\Legend\AppData\Local\Temp\ccIfnNI1.s 			page 6


 188              		.fpu fpv5-d16
 190              	HAL_ResumeTick:
 191              	.LFB143:
 101:Src/stm32f7xx_hal_timebase_tim.c **** 
 102:Src/stm32f7xx_hal_timebase_tim.c **** /**
 103:Src/stm32f7xx_hal_timebase_tim.c ****   * @brief  Resume Tick increment.
 104:Src/stm32f7xx_hal_timebase_tim.c ****   * @note   Enable the tick increment by Enabling TIM1 update interrupt.
 105:Src/stm32f7xx_hal_timebase_tim.c ****   * @param  None
 106:Src/stm32f7xx_hal_timebase_tim.c ****   * @retval None
 107:Src/stm32f7xx_hal_timebase_tim.c ****   */
 108:Src/stm32f7xx_hal_timebase_tim.c **** void HAL_ResumeTick(void)
 109:Src/stm32f7xx_hal_timebase_tim.c **** {
 192              		.loc 1 109 1 is_stmt 1 view -0
 193              		.cfi_startproc
 194              		@ args = 0, pretend = 0, frame = 0
 195              		@ frame_needed = 0, uses_anonymous_args = 0
 196              		@ link register save eliminated.
 110:Src/stm32f7xx_hal_timebase_tim.c ****   /* Enable TIM1 Update interrupt */
 111:Src/stm32f7xx_hal_timebase_tim.c ****   __HAL_TIM_ENABLE_IT(&htim1, TIM_IT_UPDATE);
 197              		.loc 1 111 3 view .LVU45
 198 0000 034B     		ldr	r3, .L12
 199 0002 1A68     		ldr	r2, [r3]
 200 0004 D368     		ldr	r3, [r2, #12]
 201 0006 43F00103 		orr	r3, r3, #1
 202 000a D360     		str	r3, [r2, #12]
 112:Src/stm32f7xx_hal_timebase_tim.c **** }
 203              		.loc 1 112 1 is_stmt 0 view .LVU46
 204 000c 7047     		bx	lr
 205              	.L13:
 206 000e 00BF     		.align	2
 207              	.L12:
 208 0010 00000000 		.word	htim1
 209              		.cfi_endproc
 210              	.LFE143:
 212              		.comm	htim1,64,4
 213              		.text
 214              	.Letext0:
 215              		.file 2 "f:\\prosoft\\gcc_arm_none\\2019q4\\9 2019-q4-major\\arm-none-eabi\\include\\machine\\_def
 216              		.file 3 "f:\\prosoft\\gcc_arm_none\\2019q4\\9 2019-q4-major\\arm-none-eabi\\include\\sys\\_stdint.
 217              		.file 4 "Drivers/CMSIS/Include/core_cm7.h"
 218              		.file 5 "Drivers/CMSIS/Device/ST/STM32F7xx/Include/system_stm32f7xx.h"
 219              		.file 6 "Drivers/CMSIS/Device/ST/STM32F7xx/Include/stm32f767xx.h"
 220              		.file 7 "Drivers/STM32F7xx_HAL_Driver/Inc/stm32f7xx_hal_def.h"
 221              		.file 8 "Drivers/STM32F7xx_HAL_Driver/Inc/stm32f7xx_hal_rcc.h"
 222              		.file 9 "Drivers/STM32F7xx_HAL_Driver/Inc/stm32f7xx_hal_dma.h"
 223              		.file 10 "Drivers/STM32F7xx_HAL_Driver/Inc/stm32f7xx_hal_tim.h"
 224              		.file 11 "Drivers/STM32F7xx_HAL_Driver/Inc/stm32f7xx_hal.h"
 225              		.file 12 "Drivers/STM32F7xx_HAL_Driver/Inc/stm32f7xx_hal_cortex.h"
ARM GAS  C:\Users\Legend\AppData\Local\Temp\ccIfnNI1.s 			page 7


DEFINED SYMBOLS
                            *ABS*:00000000 stm32f7xx_hal_timebase_tim.c
C:\Users\Legend\AppData\Local\Temp\ccIfnNI1.s:17     .text.HAL_InitTick:00000000 $t
C:\Users\Legend\AppData\Local\Temp\ccIfnNI1.s:25     .text.HAL_InitTick:00000000 HAL_InitTick
C:\Users\Legend\AppData\Local\Temp\ccIfnNI1.s:145    .text.HAL_InitTick:0000006c $d
                            *COM*:00000040 htim1
C:\Users\Legend\AppData\Local\Temp\ccIfnNI1.s:153    .text.HAL_SuspendTick:00000000 $t
C:\Users\Legend\AppData\Local\Temp\ccIfnNI1.s:160    .text.HAL_SuspendTick:00000000 HAL_SuspendTick
C:\Users\Legend\AppData\Local\Temp\ccIfnNI1.s:178    .text.HAL_SuspendTick:00000010 $d
C:\Users\Legend\AppData\Local\Temp\ccIfnNI1.s:183    .text.HAL_ResumeTick:00000000 $t
C:\Users\Legend\AppData\Local\Temp\ccIfnNI1.s:190    .text.HAL_ResumeTick:00000000 HAL_ResumeTick
C:\Users\Legend\AppData\Local\Temp\ccIfnNI1.s:208    .text.HAL_ResumeTick:00000010 $d

UNDEFINED SYMBOLS
HAL_NVIC_SetPriority
HAL_NVIC_EnableIRQ
HAL_RCC_GetClockConfig
HAL_RCC_GetPCLK2Freq
HAL_TIM_Base_Init
HAL_TIM_Base_Start_IT
