ARM GAS  C:\Users\Legend\AppData\Local\Temp\ccolimDD.s 			page 1


   1              		.cpu cortex-m7
   2              		.eabi_attribute 28, 1
   3              		.eabi_attribute 20, 1
   4              		.eabi_attribute 21, 1
   5              		.eabi_attribute 23, 3
   6              		.eabi_attribute 24, 1
   7              		.eabi_attribute 25, 1
   8              		.eabi_attribute 26, 1
   9              		.eabi_attribute 30, 1
  10              		.eabi_attribute 34, 1
  11              		.eabi_attribute 18, 4
  12              		.file	"stm32f7xx_hal_msp.c"
  13              		.text
  14              	.Ltext0:
  15              		.cfi_sections	.debug_frame
  16              		.section	.text.HAL_MspInit,"ax",%progbits
  17              		.align	1
  18              		.global	HAL_MspInit
  19              		.arch armv7e-m
  20              		.syntax unified
  21              		.thumb
  22              		.thumb_func
  23              		.fpu fpv5-d16
  25              	HAL_MspInit:
  26              	.LFB141:
  27              		.file 1 "Src/stm32f7xx_hal_msp.c"
   1:Src/stm32f7xx_hal_msp.c **** /* USER CODE BEGIN Header */
   2:Src/stm32f7xx_hal_msp.c **** /**
   3:Src/stm32f7xx_hal_msp.c ****   ******************************************************************************
   4:Src/stm32f7xx_hal_msp.c ****   * File Name          : stm32f7xx_hal_msp.c
   5:Src/stm32f7xx_hal_msp.c ****   * Description        : This file provides code for the MSP Initialization 
   6:Src/stm32f7xx_hal_msp.c ****   *                      and de-Initialization codes.
   7:Src/stm32f7xx_hal_msp.c ****   ******************************************************************************
   8:Src/stm32f7xx_hal_msp.c ****   * @attention
   9:Src/stm32f7xx_hal_msp.c ****   *
  10:Src/stm32f7xx_hal_msp.c ****   * <h2><center>&copy; Copyright (c) 2020 STMicroelectronics.
  11:Src/stm32f7xx_hal_msp.c ****   * All rights reserved.</center></h2>
  12:Src/stm32f7xx_hal_msp.c ****   *
  13:Src/stm32f7xx_hal_msp.c ****   * This software component is licensed by ST under BSD 3-Clause license,
  14:Src/stm32f7xx_hal_msp.c ****   * the "License"; You may not use this file except in compliance with the
  15:Src/stm32f7xx_hal_msp.c ****   * License. You may obtain a copy of the License at:
  16:Src/stm32f7xx_hal_msp.c ****   *                        opensource.org/licenses/BSD-3-Clause
  17:Src/stm32f7xx_hal_msp.c ****   *
  18:Src/stm32f7xx_hal_msp.c ****   ******************************************************************************
  19:Src/stm32f7xx_hal_msp.c ****   */
  20:Src/stm32f7xx_hal_msp.c **** /* USER CODE END Header */
  21:Src/stm32f7xx_hal_msp.c **** 
  22:Src/stm32f7xx_hal_msp.c **** /* Includes ------------------------------------------------------------------*/
  23:Src/stm32f7xx_hal_msp.c **** #include "main.h"
  24:Src/stm32f7xx_hal_msp.c **** /* USER CODE BEGIN Includes */
  25:Src/stm32f7xx_hal_msp.c **** 
  26:Src/stm32f7xx_hal_msp.c **** /* USER CODE END Includes */
  27:Src/stm32f7xx_hal_msp.c **** 
  28:Src/stm32f7xx_hal_msp.c **** /* Private typedef -----------------------------------------------------------*/
  29:Src/stm32f7xx_hal_msp.c **** /* USER CODE BEGIN TD */
  30:Src/stm32f7xx_hal_msp.c **** 
  31:Src/stm32f7xx_hal_msp.c **** /* USER CODE END TD */
ARM GAS  C:\Users\Legend\AppData\Local\Temp\ccolimDD.s 			page 2


  32:Src/stm32f7xx_hal_msp.c **** 
  33:Src/stm32f7xx_hal_msp.c **** /* Private define ------------------------------------------------------------*/
  34:Src/stm32f7xx_hal_msp.c **** /* USER CODE BEGIN Define */
  35:Src/stm32f7xx_hal_msp.c ****  
  36:Src/stm32f7xx_hal_msp.c **** /* USER CODE END Define */
  37:Src/stm32f7xx_hal_msp.c **** 
  38:Src/stm32f7xx_hal_msp.c **** /* Private macro -------------------------------------------------------------*/
  39:Src/stm32f7xx_hal_msp.c **** /* USER CODE BEGIN Macro */
  40:Src/stm32f7xx_hal_msp.c **** 
  41:Src/stm32f7xx_hal_msp.c **** /* USER CODE END Macro */
  42:Src/stm32f7xx_hal_msp.c **** 
  43:Src/stm32f7xx_hal_msp.c **** /* Private variables ---------------------------------------------------------*/
  44:Src/stm32f7xx_hal_msp.c **** /* USER CODE BEGIN PV */
  45:Src/stm32f7xx_hal_msp.c **** 
  46:Src/stm32f7xx_hal_msp.c **** /* USER CODE END PV */
  47:Src/stm32f7xx_hal_msp.c **** 
  48:Src/stm32f7xx_hal_msp.c **** /* Private function prototypes -----------------------------------------------*/
  49:Src/stm32f7xx_hal_msp.c **** /* USER CODE BEGIN PFP */
  50:Src/stm32f7xx_hal_msp.c **** 
  51:Src/stm32f7xx_hal_msp.c **** /* USER CODE END PFP */
  52:Src/stm32f7xx_hal_msp.c **** 
  53:Src/stm32f7xx_hal_msp.c **** /* External functions --------------------------------------------------------*/
  54:Src/stm32f7xx_hal_msp.c **** /* USER CODE BEGIN ExternalFunctions */
  55:Src/stm32f7xx_hal_msp.c **** 
  56:Src/stm32f7xx_hal_msp.c **** /* USER CODE END ExternalFunctions */
  57:Src/stm32f7xx_hal_msp.c **** 
  58:Src/stm32f7xx_hal_msp.c **** /* USER CODE BEGIN 0 */
  59:Src/stm32f7xx_hal_msp.c **** 
  60:Src/stm32f7xx_hal_msp.c **** /* USER CODE END 0 */
  61:Src/stm32f7xx_hal_msp.c **** /**
  62:Src/stm32f7xx_hal_msp.c ****   * Initializes the Global MSP.
  63:Src/stm32f7xx_hal_msp.c ****   */
  64:Src/stm32f7xx_hal_msp.c **** void HAL_MspInit(void)
  65:Src/stm32f7xx_hal_msp.c **** {
  28              		.loc 1 65 1 view -0
  29              		.cfi_startproc
  30              		@ args = 0, pretend = 0, frame = 8
  31              		@ frame_needed = 0, uses_anonymous_args = 0
  32 0000 00B5     		push	{lr}
  33              	.LCFI0:
  34              		.cfi_def_cfa_offset 4
  35              		.cfi_offset 14, -4
  36 0002 83B0     		sub	sp, sp, #12
  37              	.LCFI1:
  38              		.cfi_def_cfa_offset 16
  66:Src/stm32f7xx_hal_msp.c ****   /* USER CODE BEGIN MspInit 0 */
  67:Src/stm32f7xx_hal_msp.c **** 
  68:Src/stm32f7xx_hal_msp.c ****   /* USER CODE END MspInit 0 */
  69:Src/stm32f7xx_hal_msp.c **** 
  70:Src/stm32f7xx_hal_msp.c ****   __HAL_RCC_PWR_CLK_ENABLE();
  39              		.loc 1 70 3 view .LVU1
  40              	.LBB2:
  41              		.loc 1 70 3 view .LVU2
  42              		.loc 1 70 3 view .LVU3
  43 0004 0D4B     		ldr	r3, .L3
  44 0006 1A6C     		ldr	r2, [r3, #64]
  45 0008 42F08052 		orr	r2, r2, #268435456
ARM GAS  C:\Users\Legend\AppData\Local\Temp\ccolimDD.s 			page 3


  46 000c 1A64     		str	r2, [r3, #64]
  47              		.loc 1 70 3 view .LVU4
  48 000e 1A6C     		ldr	r2, [r3, #64]
  49 0010 02F08052 		and	r2, r2, #268435456
  50 0014 0092     		str	r2, [sp]
  51              		.loc 1 70 3 view .LVU5
  52 0016 009A     		ldr	r2, [sp]
  53              	.LBE2:
  54              		.loc 1 70 3 view .LVU6
  71:Src/stm32f7xx_hal_msp.c ****   __HAL_RCC_SYSCFG_CLK_ENABLE();
  55              		.loc 1 71 3 view .LVU7
  56              	.LBB3:
  57              		.loc 1 71 3 view .LVU8
  58              		.loc 1 71 3 view .LVU9
  59 0018 5A6C     		ldr	r2, [r3, #68]
  60 001a 42F48042 		orr	r2, r2, #16384
  61 001e 5A64     		str	r2, [r3, #68]
  62              		.loc 1 71 3 view .LVU10
  63 0020 5B6C     		ldr	r3, [r3, #68]
  64 0022 03F48043 		and	r3, r3, #16384
  65 0026 0193     		str	r3, [sp, #4]
  66              		.loc 1 71 3 view .LVU11
  67 0028 019B     		ldr	r3, [sp, #4]
  68              	.LBE3:
  69              		.loc 1 71 3 view .LVU12
  72:Src/stm32f7xx_hal_msp.c **** 
  73:Src/stm32f7xx_hal_msp.c ****   /* System interrupt init*/
  74:Src/stm32f7xx_hal_msp.c ****   /* PendSV_IRQn interrupt configuration */
  75:Src/stm32f7xx_hal_msp.c ****   HAL_NVIC_SetPriority(PendSV_IRQn, 15, 0);
  70              		.loc 1 75 3 view .LVU13
  71 002a 0022     		movs	r2, #0
  72 002c 0F21     		movs	r1, #15
  73 002e 6FF00100 		mvn	r0, #1
  74 0032 FFF7FEFF 		bl	HAL_NVIC_SetPriority
  75              	.LVL0:
  76:Src/stm32f7xx_hal_msp.c **** 
  77:Src/stm32f7xx_hal_msp.c ****   /* USER CODE BEGIN MspInit 1 */
  78:Src/stm32f7xx_hal_msp.c **** 
  79:Src/stm32f7xx_hal_msp.c ****   /* USER CODE END MspInit 1 */
  80:Src/stm32f7xx_hal_msp.c **** }
  76              		.loc 1 80 1 is_stmt 0 view .LVU14
  77 0036 03B0     		add	sp, sp, #12
  78              	.LCFI2:
  79              		.cfi_def_cfa_offset 4
  80              		@ sp needed
  81 0038 5DF804FB 		ldr	pc, [sp], #4
  82              	.L4:
  83              		.align	2
  84              	.L3:
  85 003c 00380240 		.word	1073887232
  86              		.cfi_endproc
  87              	.LFE141:
  89              		.text
  90              	.Letext0:
  91              		.file 2 "f:\\prosoft\\gcc_arm_none\\2019q4\\9 2019-q4-major\\arm-none-eabi\\include\\machine\\_def
  92              		.file 3 "f:\\prosoft\\gcc_arm_none\\2019q4\\9 2019-q4-major\\arm-none-eabi\\include\\sys\\_stdint.
  93              		.file 4 "Drivers/CMSIS/Include/core_cm7.h"
ARM GAS  C:\Users\Legend\AppData\Local\Temp\ccolimDD.s 			page 4


  94              		.file 5 "Drivers/CMSIS/Device/ST/STM32F7xx/Include/system_stm32f7xx.h"
  95              		.file 6 "Drivers/CMSIS/Device/ST/STM32F7xx/Include/stm32f767xx.h"
  96              		.file 7 "Drivers/STM32F7xx_HAL_Driver/Inc/stm32f7xx_hal.h"
  97              		.file 8 "Drivers/STM32F7xx_HAL_Driver/Inc/stm32f7xx_hal_cortex.h"
ARM GAS  C:\Users\Legend\AppData\Local\Temp\ccolimDD.s 			page 5


DEFINED SYMBOLS
                            *ABS*:00000000 stm32f7xx_hal_msp.c
C:\Users\Legend\AppData\Local\Temp\ccolimDD.s:17     .text.HAL_MspInit:00000000 $t
C:\Users\Legend\AppData\Local\Temp\ccolimDD.s:25     .text.HAL_MspInit:00000000 HAL_MspInit
C:\Users\Legend\AppData\Local\Temp\ccolimDD.s:85     .text.HAL_MspInit:0000003c $d

UNDEFINED SYMBOLS
HAL_NVIC_SetPriority
