ARM GAS  C:\Users\Legend\AppData\Local\Temp\cc3rLoHm.s 			page 1


   1              		.cpu cortex-m7
   2              		.eabi_attribute 28, 1
   3              		.eabi_attribute 20, 1
   4              		.eabi_attribute 21, 1
   5              		.eabi_attribute 23, 3
   6              		.eabi_attribute 24, 1
   7              		.eabi_attribute 25, 1
   8              		.eabi_attribute 26, 1
   9              		.eabi_attribute 30, 1
  10              		.eabi_attribute 34, 1
  11              		.eabi_attribute 18, 4
  12              		.file	"system_stm32f7xx.c"
  13              		.text
  14              	.Ltext0:
  15              		.cfi_sections	.debug_frame
  16              		.section	.text.SystemInit,"ax",%progbits
  17              		.align	1
  18              		.global	SystemInit
  19              		.arch armv7e-m
  20              		.syntax unified
  21              		.thumb
  22              		.thumb_func
  23              		.fpu fpv5-d16
  25              	SystemInit:
  26              	.LFB141:
  27              		.file 1 "Src/system_stm32f7xx.c"
   1:Src/system_stm32f7xx.c **** /**
   2:Src/system_stm32f7xx.c ****   ******************************************************************************
   3:Src/system_stm32f7xx.c ****   * @file    system_stm32f7xx.c
   4:Src/system_stm32f7xx.c ****   * @author  MCD Application Team
   5:Src/system_stm32f7xx.c ****   * @brief   CMSIS Cortex-M7 Device Peripheral Access Layer System Source File.
   6:Src/system_stm32f7xx.c ****   *
   7:Src/system_stm32f7xx.c ****   *   This file provides two functions and one global variable to be called from 
   8:Src/system_stm32f7xx.c ****   *   user application:
   9:Src/system_stm32f7xx.c ****   *      - SystemInit(): This function is called at startup just after reset and 
  10:Src/system_stm32f7xx.c ****   *                      before branch to main program. This call is made inside
  11:Src/system_stm32f7xx.c ****   *                      the "startup_stm32f7xx.s" file.
  12:Src/system_stm32f7xx.c ****   *
  13:Src/system_stm32f7xx.c ****   *      - SystemCoreClock variable: Contains the core clock (HCLK), it can be used
  14:Src/system_stm32f7xx.c ****   *                                  by the user application to setup the SysTick 
  15:Src/system_stm32f7xx.c ****   *                                  timer or configure other parameters.
  16:Src/system_stm32f7xx.c ****   *                                     
  17:Src/system_stm32f7xx.c ****   *      - SystemCoreClockUpdate(): Updates the variable SystemCoreClock and must
  18:Src/system_stm32f7xx.c ****   *                                 be called whenever the core clock is changed
  19:Src/system_stm32f7xx.c ****   *                                 during program execution.
  20:Src/system_stm32f7xx.c ****   *
  21:Src/system_stm32f7xx.c ****   *
  22:Src/system_stm32f7xx.c ****   ******************************************************************************
  23:Src/system_stm32f7xx.c ****   * @attention
  24:Src/system_stm32f7xx.c ****   *
  25:Src/system_stm32f7xx.c ****   * <h2><center>&copy; Copyright (c) 2016 STMicroelectronics.
  26:Src/system_stm32f7xx.c ****   * All rights reserved.</center></h2>
  27:Src/system_stm32f7xx.c ****   *
  28:Src/system_stm32f7xx.c ****   * This software component is licensed by ST under BSD 3-Clause license,
  29:Src/system_stm32f7xx.c ****   * the "License"; You may not use this file except in compliance with the
  30:Src/system_stm32f7xx.c ****   * License. You may obtain a copy of the License at:
  31:Src/system_stm32f7xx.c ****   *                        opensource.org/licenses/BSD-3-Clause
ARM GAS  C:\Users\Legend\AppData\Local\Temp\cc3rLoHm.s 			page 2


  32:Src/system_stm32f7xx.c ****   *
  33:Src/system_stm32f7xx.c ****   ******************************************************************************
  34:Src/system_stm32f7xx.c ****   */
  35:Src/system_stm32f7xx.c **** 
  36:Src/system_stm32f7xx.c **** /** @addtogroup CMSIS
  37:Src/system_stm32f7xx.c ****   * @{
  38:Src/system_stm32f7xx.c ****   */
  39:Src/system_stm32f7xx.c **** 
  40:Src/system_stm32f7xx.c **** /** @addtogroup stm32f7xx_system
  41:Src/system_stm32f7xx.c ****   * @{
  42:Src/system_stm32f7xx.c ****   */  
  43:Src/system_stm32f7xx.c ****   
  44:Src/system_stm32f7xx.c **** /** @addtogroup STM32F7xx_System_Private_Includes
  45:Src/system_stm32f7xx.c ****   * @{
  46:Src/system_stm32f7xx.c ****   */
  47:Src/system_stm32f7xx.c **** 
  48:Src/system_stm32f7xx.c **** #include "stm32f7xx.h"
  49:Src/system_stm32f7xx.c **** 
  50:Src/system_stm32f7xx.c **** #if !defined  (HSE_VALUE) 
  51:Src/system_stm32f7xx.c ****   #define HSE_VALUE    ((uint32_t)25000000) /*!< Default value of the External oscillator in Hz */
  52:Src/system_stm32f7xx.c **** #endif /* HSE_VALUE */
  53:Src/system_stm32f7xx.c **** 
  54:Src/system_stm32f7xx.c **** #if !defined  (HSI_VALUE)
  55:Src/system_stm32f7xx.c ****   #define HSI_VALUE    ((uint32_t)16000000) /*!< Value of the Internal oscillator in Hz*/
  56:Src/system_stm32f7xx.c **** #endif /* HSI_VALUE */
  57:Src/system_stm32f7xx.c **** 
  58:Src/system_stm32f7xx.c **** /**
  59:Src/system_stm32f7xx.c ****   * @}
  60:Src/system_stm32f7xx.c ****   */
  61:Src/system_stm32f7xx.c **** 
  62:Src/system_stm32f7xx.c **** /** @addtogroup STM32F7xx_System_Private_TypesDefinitions
  63:Src/system_stm32f7xx.c ****   * @{
  64:Src/system_stm32f7xx.c ****   */
  65:Src/system_stm32f7xx.c **** 
  66:Src/system_stm32f7xx.c **** /**
  67:Src/system_stm32f7xx.c ****   * @}
  68:Src/system_stm32f7xx.c ****   */
  69:Src/system_stm32f7xx.c **** 
  70:Src/system_stm32f7xx.c **** /** @addtogroup STM32F7xx_System_Private_Defines
  71:Src/system_stm32f7xx.c ****   * @{
  72:Src/system_stm32f7xx.c ****   */
  73:Src/system_stm32f7xx.c **** 
  74:Src/system_stm32f7xx.c **** /************************* Miscellaneous Configuration ************************/
  75:Src/system_stm32f7xx.c **** 
  76:Src/system_stm32f7xx.c **** /*!< Uncomment the following line if you need to relocate your vector Table in
  77:Src/system_stm32f7xx.c ****      Internal SRAM. */
  78:Src/system_stm32f7xx.c **** /* #define VECT_TAB_SRAM */
  79:Src/system_stm32f7xx.c **** #define VECT_TAB_OFFSET  0x00 /*!< Vector Table base offset field. 
  80:Src/system_stm32f7xx.c ****                                    This value must be a multiple of 0x200. */
  81:Src/system_stm32f7xx.c **** /******************************************************************************/
  82:Src/system_stm32f7xx.c **** 
  83:Src/system_stm32f7xx.c **** /**
  84:Src/system_stm32f7xx.c ****   * @}
  85:Src/system_stm32f7xx.c ****   */
  86:Src/system_stm32f7xx.c **** 
  87:Src/system_stm32f7xx.c **** /** @addtogroup STM32F7xx_System_Private_Macros
  88:Src/system_stm32f7xx.c ****   * @{
ARM GAS  C:\Users\Legend\AppData\Local\Temp\cc3rLoHm.s 			page 3


  89:Src/system_stm32f7xx.c ****   */
  90:Src/system_stm32f7xx.c **** 
  91:Src/system_stm32f7xx.c **** /**
  92:Src/system_stm32f7xx.c ****   * @}
  93:Src/system_stm32f7xx.c ****   */
  94:Src/system_stm32f7xx.c **** 
  95:Src/system_stm32f7xx.c **** /** @addtogroup STM32F7xx_System_Private_Variables
  96:Src/system_stm32f7xx.c ****   * @{
  97:Src/system_stm32f7xx.c ****   */
  98:Src/system_stm32f7xx.c **** 
  99:Src/system_stm32f7xx.c ****   /* This variable is updated in three ways:
 100:Src/system_stm32f7xx.c ****       1) by calling CMSIS function SystemCoreClockUpdate()
 101:Src/system_stm32f7xx.c ****       2) by calling HAL API function HAL_RCC_GetHCLKFreq()
 102:Src/system_stm32f7xx.c ****       3) each time HAL_RCC_ClockConfig() is called to configure the system clock frequency 
 103:Src/system_stm32f7xx.c ****          Note: If you use this function to configure the system clock; then there
 104:Src/system_stm32f7xx.c ****                is no need to call the 2 first functions listed above, since SystemCoreClock
 105:Src/system_stm32f7xx.c ****                variable is updated automatically.
 106:Src/system_stm32f7xx.c ****   */
 107:Src/system_stm32f7xx.c ****   uint32_t SystemCoreClock = 16000000;
 108:Src/system_stm32f7xx.c ****   const uint8_t AHBPrescTable[16] = {0, 0, 0, 0, 0, 0, 0, 0, 1, 2, 3, 4, 6, 7, 8, 9};
 109:Src/system_stm32f7xx.c ****   const uint8_t APBPrescTable[8] = {0, 0, 0, 0, 1, 2, 3, 4};
 110:Src/system_stm32f7xx.c **** 
 111:Src/system_stm32f7xx.c **** /**
 112:Src/system_stm32f7xx.c ****   * @}
 113:Src/system_stm32f7xx.c ****   */
 114:Src/system_stm32f7xx.c **** 
 115:Src/system_stm32f7xx.c **** /** @addtogroup STM32F7xx_System_Private_FunctionPrototypes
 116:Src/system_stm32f7xx.c ****   * @{
 117:Src/system_stm32f7xx.c ****   */
 118:Src/system_stm32f7xx.c **** 
 119:Src/system_stm32f7xx.c **** /**
 120:Src/system_stm32f7xx.c ****   * @}
 121:Src/system_stm32f7xx.c ****   */
 122:Src/system_stm32f7xx.c **** 
 123:Src/system_stm32f7xx.c **** /** @addtogroup STM32F7xx_System_Private_Functions
 124:Src/system_stm32f7xx.c ****   * @{
 125:Src/system_stm32f7xx.c ****   */
 126:Src/system_stm32f7xx.c **** 
 127:Src/system_stm32f7xx.c **** /**
 128:Src/system_stm32f7xx.c ****   * @brief  Setup the microcontroller system
 129:Src/system_stm32f7xx.c ****   *         Initialize the Embedded Flash Interface, the PLL and update the 
 130:Src/system_stm32f7xx.c ****   *         SystemFrequency variable.
 131:Src/system_stm32f7xx.c ****   * @param  None
 132:Src/system_stm32f7xx.c ****   * @retval None
 133:Src/system_stm32f7xx.c ****   */
 134:Src/system_stm32f7xx.c **** void SystemInit(void)
 135:Src/system_stm32f7xx.c **** {
  28              		.loc 1 135 1 view -0
  29              		.cfi_startproc
  30              		@ args = 0, pretend = 0, frame = 0
  31              		@ frame_needed = 0, uses_anonymous_args = 0
  32              		@ link register save eliminated.
 136:Src/system_stm32f7xx.c ****   /* FPU settings ------------------------------------------------------------*/
 137:Src/system_stm32f7xx.c **** #if (__FPU_PRESENT == 1) && (__FPU_USED == 1)
 138:Src/system_stm32f7xx.c ****   SCB->CPACR |= ((3UL << 10*2)|(3UL << 11*2));  /* set CP10 and CP11 Full Access */
  33              		.loc 1 138 3 view .LVU1
  34              		.loc 1 138 14 is_stmt 0 view .LVU2
ARM GAS  C:\Users\Legend\AppData\Local\Temp\cc3rLoHm.s 			page 4


  35 0000 054B     		ldr	r3, .L2
  36 0002 D3F88820 		ldr	r2, [r3, #136]
  37 0006 42F47002 		orr	r2, r2, #15728640
  38 000a C3F88820 		str	r2, [r3, #136]
 139:Src/system_stm32f7xx.c **** #endif
 140:Src/system_stm32f7xx.c **** 
 141:Src/system_stm32f7xx.c ****   /* Configure the Vector Table location add offset address ------------------*/
 142:Src/system_stm32f7xx.c **** #ifdef VECT_TAB_SRAM
 143:Src/system_stm32f7xx.c ****   SCB->VTOR = RAMDTCM_BASE | VECT_TAB_OFFSET; /* Vector Table Relocation in Internal SRAM */
 144:Src/system_stm32f7xx.c **** #else
 145:Src/system_stm32f7xx.c ****   SCB->VTOR = FLASH_BASE | VECT_TAB_OFFSET; /* Vector Table Relocation in Internal FLASH */
  39              		.loc 1 145 3 is_stmt 1 view .LVU3
  40              		.loc 1 145 13 is_stmt 0 view .LVU4
  41 000e 4FF00062 		mov	r2, #134217728
  42 0012 9A60     		str	r2, [r3, #8]
 146:Src/system_stm32f7xx.c **** #endif
 147:Src/system_stm32f7xx.c **** }
  43              		.loc 1 147 1 view .LVU5
  44 0014 7047     		bx	lr
  45              	.L3:
  46 0016 00BF     		.align	2
  47              	.L2:
  48 0018 00ED00E0 		.word	-536810240
  49              		.cfi_endproc
  50              	.LFE141:
  52              		.section	.text.SystemCoreClockUpdate,"ax",%progbits
  53              		.align	1
  54              		.global	SystemCoreClockUpdate
  55              		.syntax unified
  56              		.thumb
  57              		.thumb_func
  58              		.fpu fpv5-d16
  60              	SystemCoreClockUpdate:
  61              	.LFB142:
 148:Src/system_stm32f7xx.c **** 
 149:Src/system_stm32f7xx.c **** /**
 150:Src/system_stm32f7xx.c ****    * @brief  Update SystemCoreClock variable according to Clock Register Values.
 151:Src/system_stm32f7xx.c ****   *         The SystemCoreClock variable contains the core clock (HCLK), it can
 152:Src/system_stm32f7xx.c ****   *         be used by the user application to setup the SysTick timer or configure
 153:Src/system_stm32f7xx.c ****   *         other parameters.
 154:Src/system_stm32f7xx.c ****   *           
 155:Src/system_stm32f7xx.c ****   * @note   Each time the core clock (HCLK) changes, this function must be called
 156:Src/system_stm32f7xx.c ****   *         to update SystemCoreClock variable value. Otherwise, any configuration
 157:Src/system_stm32f7xx.c ****   *         based on this variable will be incorrect.         
 158:Src/system_stm32f7xx.c ****   *     
 159:Src/system_stm32f7xx.c ****   * @note   - The system frequency computed by this function is not the real 
 160:Src/system_stm32f7xx.c ****   *           frequency in the chip. It is calculated based on the predefined 
 161:Src/system_stm32f7xx.c ****   *           constant and the selected clock source:
 162:Src/system_stm32f7xx.c ****   *             
 163:Src/system_stm32f7xx.c ****   *           - If SYSCLK source is HSI, SystemCoreClock will contain the HSI_VALUE(*)
 164:Src/system_stm32f7xx.c ****   *                                              
 165:Src/system_stm32f7xx.c ****   *           - If SYSCLK source is HSE, SystemCoreClock will contain the HSE_VALUE(**)
 166:Src/system_stm32f7xx.c ****   *                          
 167:Src/system_stm32f7xx.c ****   *           - If SYSCLK source is PLL, SystemCoreClock will contain the HSE_VALUE(**) 
 168:Src/system_stm32f7xx.c ****   *             or HSI_VALUE(*) multiplied/divided by the PLL factors.
 169:Src/system_stm32f7xx.c ****   *         
 170:Src/system_stm32f7xx.c ****   *         (*) HSI_VALUE is a constant defined in stm32f7xx_hal_conf.h file (default value
ARM GAS  C:\Users\Legend\AppData\Local\Temp\cc3rLoHm.s 			page 5


 171:Src/system_stm32f7xx.c ****   *             16 MHz) but the real value may vary depending on the variations
 172:Src/system_stm32f7xx.c ****   *             in voltage and temperature.   
 173:Src/system_stm32f7xx.c ****   *    
 174:Src/system_stm32f7xx.c ****   *         (**) HSE_VALUE is a constant defined in stm32f7xx_hal_conf.h file (default value
 175:Src/system_stm32f7xx.c ****   *              25 MHz), user has to ensure that HSE_VALUE is same as the real
 176:Src/system_stm32f7xx.c ****   *              frequency of the crystal used. Otherwise, this function may
 177:Src/system_stm32f7xx.c ****   *              have wrong result.
 178:Src/system_stm32f7xx.c ****   *                
 179:Src/system_stm32f7xx.c ****   *         - The result of this function could be not correct when using fractional
 180:Src/system_stm32f7xx.c ****   *           value for HSE crystal.
 181:Src/system_stm32f7xx.c ****   *     
 182:Src/system_stm32f7xx.c ****   * @param  None
 183:Src/system_stm32f7xx.c ****   * @retval None
 184:Src/system_stm32f7xx.c ****   */
 185:Src/system_stm32f7xx.c **** void SystemCoreClockUpdate(void)
 186:Src/system_stm32f7xx.c **** {
  62              		.loc 1 186 1 is_stmt 1 view -0
  63              		.cfi_startproc
  64              		@ args = 0, pretend = 0, frame = 0
  65              		@ frame_needed = 0, uses_anonymous_args = 0
  66              		@ link register save eliminated.
 187:Src/system_stm32f7xx.c ****   uint32_t tmp = 0, pllvco = 0, pllp = 2, pllsource = 0, pllm = 2;
  67              		.loc 1 187 3 view .LVU7
  68              	.LVL0:
 188:Src/system_stm32f7xx.c ****   
 189:Src/system_stm32f7xx.c ****   /* Get SYSCLK source -------------------------------------------------------*/
 190:Src/system_stm32f7xx.c ****   tmp = RCC->CFGR & RCC_CFGR_SWS;
  69              		.loc 1 190 3 view .LVU8
  70              		.loc 1 190 12 is_stmt 0 view .LVU9
  71 0000 224B     		ldr	r3, .L12
  72 0002 9B68     		ldr	r3, [r3, #8]
  73              		.loc 1 190 7 view .LVU10
  74 0004 03F00C03 		and	r3, r3, #12
  75              	.LVL1:
 191:Src/system_stm32f7xx.c **** 
 192:Src/system_stm32f7xx.c ****   switch (tmp)
  76              		.loc 1 192 3 is_stmt 1 view .LVU11
  77 0008 042B     		cmp	r3, #4
  78 000a 14D0     		beq	.L5
  79 000c 082B     		cmp	r3, #8
  80 000e 16D0     		beq	.L6
  81 0010 1BB1     		cbz	r3, .L11
 193:Src/system_stm32f7xx.c ****   {
 194:Src/system_stm32f7xx.c ****     case 0x00:  /* HSI used as system clock source */
 195:Src/system_stm32f7xx.c ****       SystemCoreClock = HSI_VALUE;
 196:Src/system_stm32f7xx.c ****       break;
 197:Src/system_stm32f7xx.c ****     case 0x04:  /* HSE used as system clock source */
 198:Src/system_stm32f7xx.c ****       SystemCoreClock = HSE_VALUE;
 199:Src/system_stm32f7xx.c ****       break;
 200:Src/system_stm32f7xx.c ****     case 0x08:  /* PLL used as system clock source */
 201:Src/system_stm32f7xx.c **** 
 202:Src/system_stm32f7xx.c ****       /* PLL_VCO = (HSE_VALUE or HSI_VALUE / PLL_M) * PLL_N
 203:Src/system_stm32f7xx.c ****          SYSCLK = PLL_VCO / PLL_P
 204:Src/system_stm32f7xx.c ****          */    
 205:Src/system_stm32f7xx.c ****       pllsource = (RCC->PLLCFGR & RCC_PLLCFGR_PLLSRC) >> 22;
 206:Src/system_stm32f7xx.c ****       pllm = RCC->PLLCFGR & RCC_PLLCFGR_PLLM;
 207:Src/system_stm32f7xx.c ****       
ARM GAS  C:\Users\Legend\AppData\Local\Temp\cc3rLoHm.s 			page 6


 208:Src/system_stm32f7xx.c ****       if (pllsource != 0)
 209:Src/system_stm32f7xx.c ****       {
 210:Src/system_stm32f7xx.c ****         /* HSE used as PLL clock source */
 211:Src/system_stm32f7xx.c ****         pllvco = (HSE_VALUE / pllm) * ((RCC->PLLCFGR & RCC_PLLCFGR_PLLN) >> 6);
 212:Src/system_stm32f7xx.c ****       }
 213:Src/system_stm32f7xx.c ****       else
 214:Src/system_stm32f7xx.c ****       {
 215:Src/system_stm32f7xx.c ****         /* HSI used as PLL clock source */
 216:Src/system_stm32f7xx.c ****         pllvco = (HSI_VALUE / pllm) * ((RCC->PLLCFGR & RCC_PLLCFGR_PLLN) >> 6);      
 217:Src/system_stm32f7xx.c ****       }
 218:Src/system_stm32f7xx.c **** 
 219:Src/system_stm32f7xx.c ****       pllp = (((RCC->PLLCFGR & RCC_PLLCFGR_PLLP) >>16) + 1 ) *2;
 220:Src/system_stm32f7xx.c ****       SystemCoreClock = pllvco/pllp;
 221:Src/system_stm32f7xx.c ****       break;
 222:Src/system_stm32f7xx.c ****     default:
 223:Src/system_stm32f7xx.c ****       SystemCoreClock = HSI_VALUE;
  82              		.loc 1 223 7 view .LVU12
  83              		.loc 1 223 23 is_stmt 0 view .LVU13
  84 0012 1F4B     		ldr	r3, .L12+4
  85              	.LVL2:
  86              		.loc 1 223 23 view .LVU14
  87 0014 1F4A     		ldr	r2, .L12+8
  88 0016 1A60     		str	r2, [r3]
 224:Src/system_stm32f7xx.c ****       break;
  89              		.loc 1 224 7 is_stmt 1 view .LVU15
  90 0018 02E0     		b	.L8
  91              	.LVL3:
  92              	.L11:
 195:Src/system_stm32f7xx.c ****       break;
  93              		.loc 1 195 7 view .LVU16
 195:Src/system_stm32f7xx.c ****       break;
  94              		.loc 1 195 23 is_stmt 0 view .LVU17
  95 001a 1D4B     		ldr	r3, .L12+4
  96              	.LVL4:
 195:Src/system_stm32f7xx.c ****       break;
  97              		.loc 1 195 23 view .LVU18
  98 001c 1D4A     		ldr	r2, .L12+8
  99 001e 1A60     		str	r2, [r3]
 196:Src/system_stm32f7xx.c ****     case 0x04:  /* HSE used as system clock source */
 100              		.loc 1 196 7 is_stmt 1 view .LVU19
 101              	.LVL5:
 102              	.L8:
 225:Src/system_stm32f7xx.c ****   }
 226:Src/system_stm32f7xx.c ****   /* Compute HCLK frequency --------------------------------------------------*/
 227:Src/system_stm32f7xx.c ****   /* Get HCLK prescaler */
 228:Src/system_stm32f7xx.c ****   tmp = AHBPrescTable[((RCC->CFGR & RCC_CFGR_HPRE) >> 4)];
 103              		.loc 1 228 3 view .LVU20
 104              		.loc 1 228 28 is_stmt 0 view .LVU21
 105 0020 1A4B     		ldr	r3, .L12
 106 0022 9B68     		ldr	r3, [r3, #8]
 107              		.loc 1 228 52 view .LVU22
 108 0024 C3F30313 		ubfx	r3, r3, #4, #4
 109              		.loc 1 228 22 view .LVU23
 110 0028 1B4A     		ldr	r2, .L12+12
 111 002a D15C     		ldrb	r1, [r2, r3]	@ zero_extendqisi2
 112              	.LVL6:
 229:Src/system_stm32f7xx.c ****   /* HCLK frequency */
ARM GAS  C:\Users\Legend\AppData\Local\Temp\cc3rLoHm.s 			page 7


 230:Src/system_stm32f7xx.c ****   SystemCoreClock >>= tmp;
 113              		.loc 1 230 3 is_stmt 1 view .LVU24
 114              		.loc 1 230 19 is_stmt 0 view .LVU25
 115 002c 184A     		ldr	r2, .L12+4
 116 002e 1368     		ldr	r3, [r2]
 117 0030 CB40     		lsrs	r3, r3, r1
 118 0032 1360     		str	r3, [r2]
 231:Src/system_stm32f7xx.c **** }
 119              		.loc 1 231 1 view .LVU26
 120 0034 7047     		bx	lr
 121              	.LVL7:
 122              	.L5:
 198:Src/system_stm32f7xx.c ****       break;
 123              		.loc 1 198 7 is_stmt 1 view .LVU27
 198:Src/system_stm32f7xx.c ****       break;
 124              		.loc 1 198 23 is_stmt 0 view .LVU28
 125 0036 164B     		ldr	r3, .L12+4
 126              	.LVL8:
 198:Src/system_stm32f7xx.c ****       break;
 127              		.loc 1 198 23 view .LVU29
 128 0038 184A     		ldr	r2, .L12+16
 129 003a 1A60     		str	r2, [r3]
 199:Src/system_stm32f7xx.c ****     case 0x08:  /* PLL used as system clock source */
 130              		.loc 1 199 7 is_stmt 1 view .LVU30
 131 003c F0E7     		b	.L8
 132              	.LVL9:
 133              	.L6:
 205:Src/system_stm32f7xx.c ****       pllm = RCC->PLLCFGR & RCC_PLLCFGR_PLLM;
 134              		.loc 1 205 7 view .LVU31
 205:Src/system_stm32f7xx.c ****       pllm = RCC->PLLCFGR & RCC_PLLCFGR_PLLM;
 135              		.loc 1 205 23 is_stmt 0 view .LVU32
 136 003e 134B     		ldr	r3, .L12
 137              	.LVL10:
 205:Src/system_stm32f7xx.c ****       pllm = RCC->PLLCFGR & RCC_PLLCFGR_PLLM;
 138              		.loc 1 205 23 view .LVU33
 139 0040 5A68     		ldr	r2, [r3, #4]
 140              	.LVL11:
 206:Src/system_stm32f7xx.c ****       
 141              		.loc 1 206 7 is_stmt 1 view .LVU34
 206:Src/system_stm32f7xx.c ****       
 142              		.loc 1 206 17 is_stmt 0 view .LVU35
 143 0042 5B68     		ldr	r3, [r3, #4]
 206:Src/system_stm32f7xx.c ****       
 144              		.loc 1 206 12 view .LVU36
 145 0044 03F03F03 		and	r3, r3, #63
 146              	.LVL12:
 208:Src/system_stm32f7xx.c ****       {
 147              		.loc 1 208 7 is_stmt 1 view .LVU37
 208:Src/system_stm32f7xx.c ****       {
 148              		.loc 1 208 10 is_stmt 0 view .LVU38
 149 0048 12F4800F 		tst	r2, #4194304
 150 004c 13D0     		beq	.L9
 211:Src/system_stm32f7xx.c ****       }
 151              		.loc 1 211 9 is_stmt 1 view .LVU39
 211:Src/system_stm32f7xx.c ****       }
 152              		.loc 1 211 29 is_stmt 0 view .LVU40
 153 004e 134A     		ldr	r2, .L12+16
ARM GAS  C:\Users\Legend\AppData\Local\Temp\cc3rLoHm.s 			page 8


 154              	.LVL13:
 211:Src/system_stm32f7xx.c ****       }
 155              		.loc 1 211 29 view .LVU41
 156 0050 B2FBF3F2 		udiv	r2, r2, r3
 211:Src/system_stm32f7xx.c ****       }
 157              		.loc 1 211 44 view .LVU42
 158 0054 0D4B     		ldr	r3, .L12
 159              	.LVL14:
 211:Src/system_stm32f7xx.c ****       }
 160              		.loc 1 211 44 view .LVU43
 161 0056 5B68     		ldr	r3, [r3, #4]
 211:Src/system_stm32f7xx.c ****       }
 162              		.loc 1 211 74 view .LVU44
 163 0058 C3F38813 		ubfx	r3, r3, #6, #9
 211:Src/system_stm32f7xx.c ****       }
 164              		.loc 1 211 16 view .LVU45
 165 005c 03FB02F3 		mul	r3, r3, r2
 166              	.LVL15:
 167              	.L10:
 219:Src/system_stm32f7xx.c ****       SystemCoreClock = pllvco/pllp;
 168              		.loc 1 219 7 is_stmt 1 view .LVU46
 219:Src/system_stm32f7xx.c ****       SystemCoreClock = pllvco/pllp;
 169              		.loc 1 219 20 is_stmt 0 view .LVU47
 170 0060 0A4A     		ldr	r2, .L12
 171 0062 5268     		ldr	r2, [r2, #4]
 219:Src/system_stm32f7xx.c ****       SystemCoreClock = pllvco/pllp;
 172              		.loc 1 219 50 view .LVU48
 173 0064 C2F30142 		ubfx	r2, r2, #16, #2
 219:Src/system_stm32f7xx.c ****       SystemCoreClock = pllvco/pllp;
 174              		.loc 1 219 56 view .LVU49
 175 0068 0132     		adds	r2, r2, #1
 219:Src/system_stm32f7xx.c ****       SystemCoreClock = pllvco/pllp;
 176              		.loc 1 219 12 view .LVU50
 177 006a 5200     		lsls	r2, r2, #1
 178              	.LVL16:
 220:Src/system_stm32f7xx.c ****       break;
 179              		.loc 1 220 7 is_stmt 1 view .LVU51
 220:Src/system_stm32f7xx.c ****       break;
 180              		.loc 1 220 31 is_stmt 0 view .LVU52
 181 006c B3FBF2F3 		udiv	r3, r3, r2
 182              	.LVL17:
 220:Src/system_stm32f7xx.c ****       break;
 183              		.loc 1 220 23 view .LVU53
 184 0070 074A     		ldr	r2, .L12+4
 185              	.LVL18:
 220:Src/system_stm32f7xx.c ****       break;
 186              		.loc 1 220 23 view .LVU54
 187 0072 1360     		str	r3, [r2]
 221:Src/system_stm32f7xx.c ****     default:
 188              		.loc 1 221 7 is_stmt 1 view .LVU55
 189 0074 D4E7     		b	.L8
 190              	.LVL19:
 191              	.L9:
 216:Src/system_stm32f7xx.c ****       }
 192              		.loc 1 216 9 view .LVU56
 216:Src/system_stm32f7xx.c ****       }
 193              		.loc 1 216 29 is_stmt 0 view .LVU57
ARM GAS  C:\Users\Legend\AppData\Local\Temp\cc3rLoHm.s 			page 9


 194 0076 074A     		ldr	r2, .L12+8
 195              	.LVL20:
 216:Src/system_stm32f7xx.c ****       }
 196              		.loc 1 216 29 view .LVU58
 197 0078 B2FBF3F2 		udiv	r2, r2, r3
 216:Src/system_stm32f7xx.c ****       }
 198              		.loc 1 216 44 view .LVU59
 199 007c 034B     		ldr	r3, .L12
 200              	.LVL21:
 216:Src/system_stm32f7xx.c ****       }
 201              		.loc 1 216 44 view .LVU60
 202 007e 5B68     		ldr	r3, [r3, #4]
 216:Src/system_stm32f7xx.c ****       }
 203              		.loc 1 216 74 view .LVU61
 204 0080 C3F38813 		ubfx	r3, r3, #6, #9
 216:Src/system_stm32f7xx.c ****       }
 205              		.loc 1 216 16 view .LVU62
 206 0084 03FB02F3 		mul	r3, r3, r2
 207              	.LVL22:
 216:Src/system_stm32f7xx.c ****       }
 208              		.loc 1 216 16 view .LVU63
 209 0088 EAE7     		b	.L10
 210              	.L13:
 211 008a 00BF     		.align	2
 212              	.L12:
 213 008c 00380240 		.word	1073887232
 214 0090 00000000 		.word	.LANCHOR0
 215 0094 0024F400 		.word	16000000
 216 0098 00000000 		.word	.LANCHOR1
 217 009c 40787D01 		.word	25000000
 218              		.cfi_endproc
 219              	.LFE142:
 221              		.global	APBPrescTable
 222              		.global	AHBPrescTable
 223              		.global	SystemCoreClock
 224              		.section	.data.SystemCoreClock,"aw"
 225              		.align	2
 226              		.set	.LANCHOR0,. + 0
 229              	SystemCoreClock:
 230 0000 0024F400 		.word	16000000
 231              		.section	.rodata.AHBPrescTable,"a"
 232              		.align	2
 233              		.set	.LANCHOR1,. + 0
 236              	AHBPrescTable:
 237 0000 00000000 		.ascii	"\000\000\000\000\000\000\000\000\001\002\003\004\006"
 237      00000000 
 237      01020304 
 237      06
 238 000d 070809   		.ascii	"\007\010\011"
 239              		.section	.rodata.APBPrescTable,"a"
 240              		.align	2
 243              	APBPrescTable:
 244 0000 00000000 		.ascii	"\000\000\000\000\001\002\003\004"
 244      01020304 
 245              		.text
 246              	.Letext0:
 247              		.file 2 "f:\\prosoft\\gcc_arm_none\\2019q4\\9 2019-q4-major\\arm-none-eabi\\include\\machine\\_def
ARM GAS  C:\Users\Legend\AppData\Local\Temp\cc3rLoHm.s 			page 10


 248              		.file 3 "f:\\prosoft\\gcc_arm_none\\2019q4\\9 2019-q4-major\\arm-none-eabi\\include\\sys\\_stdint.
 249              		.file 4 "Drivers/CMSIS/Include/core_cm7.h"
 250              		.file 5 "Drivers/CMSIS/Device/ST/STM32F7xx/Include/system_stm32f7xx.h"
 251              		.file 6 "Drivers/CMSIS/Device/ST/STM32F7xx/Include/stm32f767xx.h"
 252              		.file 7 "Drivers/STM32F7xx_HAL_Driver/Inc/stm32f7xx_hal.h"
ARM GAS  C:\Users\Legend\AppData\Local\Temp\cc3rLoHm.s 			page 11


DEFINED SYMBOLS
                            *ABS*:00000000 system_stm32f7xx.c
C:\Users\Legend\AppData\Local\Temp\cc3rLoHm.s:17     .text.SystemInit:00000000 $t
C:\Users\Legend\AppData\Local\Temp\cc3rLoHm.s:25     .text.SystemInit:00000000 SystemInit
C:\Users\Legend\AppData\Local\Temp\cc3rLoHm.s:48     .text.SystemInit:00000018 $d
C:\Users\Legend\AppData\Local\Temp\cc3rLoHm.s:53     .text.SystemCoreClockUpdate:00000000 $t
C:\Users\Legend\AppData\Local\Temp\cc3rLoHm.s:60     .text.SystemCoreClockUpdate:00000000 SystemCoreClockUpdate
C:\Users\Legend\AppData\Local\Temp\cc3rLoHm.s:213    .text.SystemCoreClockUpdate:0000008c $d
C:\Users\Legend\AppData\Local\Temp\cc3rLoHm.s:243    .rodata.APBPrescTable:00000000 APBPrescTable
C:\Users\Legend\AppData\Local\Temp\cc3rLoHm.s:236    .rodata.AHBPrescTable:00000000 AHBPrescTable
C:\Users\Legend\AppData\Local\Temp\cc3rLoHm.s:229    .data.SystemCoreClock:00000000 SystemCoreClock
C:\Users\Legend\AppData\Local\Temp\cc3rLoHm.s:225    .data.SystemCoreClock:00000000 $d
C:\Users\Legend\AppData\Local\Temp\cc3rLoHm.s:232    .rodata.AHBPrescTable:00000000 $d
C:\Users\Legend\AppData\Local\Temp\cc3rLoHm.s:240    .rodata.APBPrescTable:00000000 $d

NO UNDEFINED SYMBOLS
